[2025-06-11 23:28:07] 자동 포스팅 시스템 시작
[2025-06-11 23:28:08] 주제 선택: 머신러닝 초보자를 위한 실전 가이드
[2025-06-11 23:28:32] 블로그 포스트 저장: posts/20250611_232832_머신러닝_초보자를_위한_실전_가이드.md
[2025-06-11 23:28:32] 자동 포스팅 완료
[2025-06-12 00:20:07] 자동 포스팅 시스템 시작
[2025-06-12 00:20:08] 주제 선택: 머신러닝 초보자를 위한 실전 가이드
[2025-06-12 00:20:38] 블로그 포스트 저장: posts/20250612_002038_머신러닝_초보자를_위한_실전_가이드.md
[2025-06-12 00:20:38] 자동 포스팅 완료
[2025-06-12 01:01:33] 자동 포스팅 시스템 시작
[2025-06-12 01:01:34] 주제 선택: 머신러닝 초보자를 위한 실전 가이드
[2025-06-12 01:02:11] 블로그 포스트 저장: posts/20250612_010211_머신러닝_초보자를_위한_실전_가이드.md
[2025-06-12 01:02:11] 자동 포스팅 완료
[2025-06-12 01:38:10] 자동 포스팅 시스템 시작
[2025-06-12 01:38:13] 주제 선택: AI를 활용한 비즈니스 자동화 사례들
[2025-06-12 01:39:00] 블로그 포스트 저장: posts/20250612_013900_AI를_활용한_비즈니스_자동화_사례들.md
[2025-06-12 01:39:00] 자동 포스팅 완료
[2025-06-12 09:10:01] 자동 포스팅 시스템 시작
[2025-06-12 09:10:02] 주제 선택: AI 코딩 어시스턴트 완벽 비교 가이드
[2025-06-12 09:10:52] 블로그 포스트 저장: posts/20250612_091052_AI_코딩_어시스턴트_완벽_비교_가이드.md
[2025-06-12 09:10:52] 자동 포스팅 완료
